<?xml version="1.0" encoding="UTF-8"?>
<!-- Generated by org.testng.reporters.JUnitReportReporter -->
<testsuite hostname="selvakumarsMini" failures="0" tests="1" name="com.test.methods.HomePageTest" time="6.936" errors="0" timestamp="2023-11-01T20:29:01 GMT" skipped="0">
  <testcase classname="com.test.methods.HomePageTest" name="testflightBooking" time="6.936"/>
  <system-out/>
</testsuite> <!-- com.test.methods.HomePageTest -->
